SF:lib/core/services/tracking_service.dart
DA:9,0
DA:10,0
DA:39,1
DA:41,1
DA:42,2
DA:49,0
DA:50,0
DA:54,0
DA:55,0
DA:58,0
DA:59,0
DA:62,0
DA:66,0
DA:68,0
DA:72,0
DA:74,0
DA:87,1
DA:88,1
DA:93,0
DA:94,0
DA:97,0
DA:106,1
DA:107,1
DA:108,2
DA:113,0
DA:115,0
DA:116,0
DA:117,0
DA:120,0
DA:124,0
DA:138,0
DA:141,0
DA:143,0
DA:148,0
DA:151,0
DA:152,0
DA:154,0
DA:159,0
DA:162,0
DA:164,0
DA:169,0
DA:172,0
DA:174,0
DA:179,0
DA:183,0
DA:191,1
DA:192,1
DA:196,0
DA:197,0
DA:213,1
DA:214,2
DA:216,1
DA:217,2
DA:223,0
DA:226,0
DA:229,0
DA:230,0
DA:231,0
DA:236,0
LF:59
LH:14
end_of_record
